<?xml version="1.0" encoding="UTF-8"?>
<testsuite xmlns:xsi="http://www.w3.org/2001/XMLSchema-instance" xsi:schemaLocation="https://maven.apache.org/surefire/maven-surefire-plugin/xsd/surefire-test-report.xsd" name="fr.arolla.app.bank.AccountServiceTest" time="0.045" tests="19" errors="0" skipped="0" failures="0">
  <properties>
    <property name="java.runtime.name" value="OpenJDK Runtime Environment"/>
    <property name="sun.boot.library.path" value="/usr/lib/jvm/java-8-openjdk-amd64/jre/lib/amd64"/>
    <property name="java.vm.version" value="25.181-b13"/>
    <property name="java.vm.vendor" value="Oracle Corporation"/>
    <property name="maven.multiModuleProjectDirectory" value="/home/ali/dev/bank-app"/>
    <property name="java.vendor.url" value="http://java.oracle.com/"/>
    <property name="path.separator" value=":"/>
    <property name="guice.disable.misplaced.annotation.check" value="true"/>
    <property name="java.vm.name" value="OpenJDK 64-Bit Server VM"/>
    <property name="file.encoding.pkg" value="sun.io"/>
    <property name="user.country" value="US"/>
    <property name="sun.java.launcher" value="SUN_STANDARD"/>
    <property name="sun.os.patch.level" value="unknown"/>
    <property name="java.vm.specification.name" value="Java Virtual Machine Specification"/>
    <property name="user.dir" value="/home/ali/dev/bank-app"/>
    <property name="java.runtime.version" value="1.8.0_181-8u181-b13-1-b13"/>
    <property name="java.awt.graphicsenv" value="sun.awt.X11GraphicsEnvironment"/>
    <property name="java.endorsed.dirs" value="/usr/lib/jvm/java-8-openjdk-amd64/jre/lib/endorsed"/>
    <property name="os.arch" value="amd64"/>
    <property name="java.io.tmpdir" value="/tmp"/>
    <property name="line.separator" value="&#10;"/>
    <property name="java.vm.specification.vendor" value="Oracle Corporation"/>
    <property name="os.name" value="Linux"/>
    <property name="classworlds.conf" value="/usr/share/maven/bin/m2.conf"/>
    <property name="sun.jnu.encoding" value="UTF-8"/>
    <property name="java.library.path" value="/usr/java/packages/lib/amd64:/usr/lib/x86_64-linux-gnu/jni:/lib/x86_64-linux-gnu:/usr/lib/x86_64-linux-gnu:/usr/lib/jni:/lib:/usr/lib"/>
    <property name="maven.conf" value="/usr/share/maven/conf"/>
    <property name="java.specification.name" value="Java Platform API Specification"/>
    <property name="java.class.version" value="52.0"/>
    <property name="sun.management.compiler" value="HotSpot 64-Bit Tiered Compilers"/>
    <property name="os.version" value="4.18.0-10-generic"/>
    <property name="library.jansi.path" value="/usr/share/maven/lib/jansi-native"/>
    <property name="user.home" value="/home/ali"/>
    <property name="user.timezone" value="Europe/Paris"/>
    <property name="java.awt.printerjob" value="sun.print.PSPrinterJob"/>
    <property name="java.specification.version" value="1.8"/>
    <property name="file.encoding" value="UTF-8"/>
    <property name="user.name" value="ali"/>
    <property name="java.class.path" value="/usr/share/maven/boot/plexus-classworlds-2.x.jar"/>
    <property name="java.vm.specification.version" value="1.8"/>
    <property name="sun.arch.data.model" value="64"/>
    <property name="java.home" value="/usr/lib/jvm/java-8-openjdk-amd64/jre"/>
    <property name="sun.java.command" value="org.codehaus.plexus.classworlds.launcher.Launcher clean install"/>
    <property name="java.specification.vendor" value="Oracle Corporation"/>
    <property name="user.language" value="en"/>
    <property name="awt.toolkit" value="sun.awt.X11.XToolkit"/>
    <property name="java.vm.info" value="mixed mode"/>
    <property name="java.version" value="1.8.0_181"/>
    <property name="java.ext.dirs" value="/usr/lib/jvm/java-8-openjdk-amd64/jre/lib/ext:/usr/java/packages/lib/ext"/>
    <property name="securerandom.source" value="file:/dev/./urandom"/>
    <property name="sun.boot.class.path" value="/usr/lib/jvm/java-8-openjdk-amd64/jre/lib/resources.jar:/usr/lib/jvm/java-8-openjdk-amd64/jre/lib/rt.jar:/usr/lib/jvm/java-8-openjdk-amd64/jre/lib/sunrsasign.jar:/usr/lib/jvm/java-8-openjdk-amd64/jre/lib/jsse.jar:/usr/lib/jvm/java-8-openjdk-amd64/jre/lib/jce.jar:/usr/lib/jvm/java-8-openjdk-amd64/jre/lib/charsets.jar:/usr/lib/jvm/java-8-openjdk-amd64/jre/lib/jfr.jar:/usr/lib/jvm/java-8-openjdk-amd64/jre/classes"/>
    <property name="java.vendor" value="Oracle Corporation"/>
    <property name="maven.home" value="/usr/share/maven"/>
    <property name="file.separator" value="/"/>
    <property name="java.vendor.url.bug" value="http://bugreport.sun.com/bugreport/"/>
    <property name="sun.cpu.endian" value="little"/>
    <property name="sun.io.unicode.encoding" value="UnicodeLittle"/>
    <property name="sun.desktop" value="gnome"/>
    <property name="sun.cpu.isalist" value=""/>
  </properties>
  <testcase name="create_SHOULD_success_WHEN_initial_amount_is_provided" classname="fr.arolla.app.bank.AccountServiceTest" time="0.002"/>
  <testcase name="create_SHOULD_has_zeroed_balance_WHEN_initial_amount_is_not_provided" classname="fr.arolla.app.bank.AccountServiceTest" time="0.001"/>
  <testcase name="print_SHOULD_print_WHEN_operation_list_is_full" classname="fr.arolla.app.bank.AccountServiceTest" time="0.009"/>
  <testcase name="create_SHOULD_create_checking_account_WHEN_initial_amount_is_not_provided" classname="fr.arolla.app.bank.AccountServiceTest" time="0"/>
  <testcase name="create_SHOULD_has_currency_WHEN_initial_is_provided" classname="fr.arolla.app.bank.AccountServiceTest" time="0.001"/>
  <testcase name="create_SHOULD_has_empty_operations_WHEN_initial_is_provided" classname="fr.arolla.app.bank.AccountServiceTest" time="0.001"/>
  <testcase name="accept_SHOULD_has_empty_balance_and_empty_operations_WHEN_apply_withdraw_of_empty_amount" classname="fr.arolla.app.bank.AccountServiceTest" time="0"/>
  <testcase name="create_SHOULD_success_WHEN_initial_amount_is_not_provided" classname="fr.arolla.app.bank.AccountServiceTest" time="0"/>
  <testcase name="accept_SHOULD_has_10_balance_and_1_operation_WHEN_apply_deposit_of_10_amount_on_created_account_of_0" classname="fr.arolla.app.bank.AccountServiceTest" time="0.001"/>
  <testcase name="accept_SHOULD_has_empty_balance_and_empty_operations_WHEN_apply_deposit_of_empty_amount" classname="fr.arolla.app.bank.AccountServiceTest" time="0.001"/>
  <testcase name="create_SHOULD_has_currency_WHEN_initial_amount_is_not_provided" classname="fr.arolla.app.bank.AccountServiceTest" time="0"/>
  <testcase name="create_SHOULD_has_empty_operations_WHEN_initial_amount_is_not_provided" classname="fr.arolla.app.bank.AccountServiceTest" time="0"/>
  <testcase name="accept_SHOULD_throw_exception_when_funds_are_insufficient1" classname="fr.arolla.app.bank.AccountServiceTest" time="0.001"/>
  <testcase name="accept_SHOULD_throw_exception_when_funds_are_insufficient2" classname="fr.arolla.app.bank.AccountServiceTest" time="0.001"/>
  <testcase name="accept_SHOULD_throw_exception_WHEN_params_are_null" classname="fr.arolla.app.bank.AccountServiceTest" time="0.002"/>
  <testcase name="create_SHOULD_create_checking_account_WHEN_initial_amount_is_provided" classname="fr.arolla.app.bank.AccountServiceTest" time="0"/>
  <testcase name="create_SHOULD_return_account_with_bank_number_WHEN_initial_amount_is_not_provided" classname="fr.arolla.app.bank.AccountServiceTest" time="0.001"/>
  <testcase name="accept_SHOULD_success_WHEN_apply_deposit_withdraw_amounts" classname="fr.arolla.app.bank.AccountServiceTest" time="0.001"/>
  <testcase name="create_SHOULD_return_account_with_bank_number_WHEN_initial_amount_is_provided" classname="fr.arolla.app.bank.AccountServiceTest" time="0.001"/>
</testsuite>